{"name":"hexo","hostname":"localhost","pid":21382,"level":20,"msg":"Hexo version: \u001b[35m3.2.0\u001b[39m","time":"2016-06-27T12:35:29.058Z","v":0}
{"name":"hexo","hostname":"localhost","pid":21382,"level":20,"msg":"Working directory: \u001b[35m~/my-git/baohao2015.github.io/\u001b[39m","time":"2016-06-27T12:35:29.062Z","v":0}
{"name":"hexo","hostname":"localhost","pid":21382,"level":20,"msg":"Config loaded: \u001b[35m~/my-git/baohao2015.github.io/_config.yml\u001b[39m","time":"2016-06-27T12:35:29.153Z","v":0}
{"name":"hexo","hostname":"localhost","pid":21382,"level":20,"msg":"Plugin loaded: \u001b[35mhexo-deployer-git\u001b[39m","time":"2016-06-27T12:35:29.380Z","v":0}
{"name":"hexo","hostname":"localhost","pid":21382,"level":20,"msg":"Plugin loaded: \u001b[35mhexo-generator-archive\u001b[39m","time":"2016-06-27T12:35:29.382Z","v":0}
{"name":"hexo","hostname":"localhost","pid":21382,"level":20,"msg":"Plugin loaded: \u001b[35mhexo-generator-category\u001b[39m","time":"2016-06-27T12:35:29.384Z","v":0}
{"name":"hexo","hostname":"localhost","pid":21382,"level":20,"msg":"Plugin loaded: \u001b[35mhexo-generator-index\u001b[39m","time":"2016-06-27T12:35:29.386Z","v":0}
{"name":"hexo","hostname":"localhost","pid":21382,"level":20,"msg":"Plugin loaded: \u001b[35mhexo-generator-tag\u001b[39m","time":"2016-06-27T12:35:29.388Z","v":0}
{"name":"hexo","hostname":"localhost","pid":21382,"level":20,"msg":"Plugin loaded: \u001b[35mhexo-renderer-ejs\u001b[39m","time":"2016-06-27T12:35:29.392Z","v":0}
{"name":"hexo","hostname":"localhost","pid":21382,"level":20,"msg":"Plugin loaded: \u001b[35mhexo-server\u001b[39m","time":"2016-06-27T12:35:29.512Z","v":0}
{"name":"hexo","hostname":"localhost","pid":21382,"level":20,"msg":"Plugin loaded: \u001b[35mhexo-renderer-stylus\u001b[39m","time":"2016-06-27T12:35:29.513Z","v":0}
{"name":"hexo","hostname":"localhost","pid":21382,"level":20,"msg":"Plugin loaded: \u001b[35mhexo-renderer-marked\u001b[39m","time":"2016-06-27T12:35:29.597Z","v":0}
{"name":"hexo","hostname":"localhost","pid":21382,"level":20,"msg":"Script loaded: \u001b[35mthemes/next/scripts/merge-configs.js\u001b[39m","time":"2016-06-27T12:35:29.598Z","v":0}
{"name":"hexo","hostname":"localhost","pid":21382,"level":20,"msg":"Script loaded: \u001b[35mthemes/next/scripts/tags/center-quote.js\u001b[39m","time":"2016-06-27T12:35:29.598Z","v":0}
{"name":"hexo","hostname":"localhost","pid":21382,"level":20,"msg":"Script loaded: \u001b[35mthemes/next/scripts/tags/full-image.js\u001b[39m","time":"2016-06-27T12:35:29.598Z","v":0}
{"name":"hexo","hostname":"localhost","pid":21382,"level":20,"msg":"Script loaded: \u001b[35mthemes/next/scripts/tags/group-pictures.js\u001b[39m","time":"2016-06-27T12:35:29.599Z","v":0}
{"name":"hexo","hostname":"localhost","pid":21382,"level":20,"msg":"Loading database.","time":"2016-06-27T12:35:29.609Z","v":0}
{"name":"hexo","hostname":"localhost","pid":21382,"level":30,"msg":"Start processing","time":"2016-06-27T12:35:29.706Z","v":0}
{"name":"hexo","hostname":"localhost","pid":21382,"level":20,"msg":"Processed: \u001b[35mimages/debug.log\u001b[39m","time":"2016-06-27T12:35:29.827Z","v":0}
{"name":"hexo","hostname":"localhost","pid":21382,"level":20,"msg":"Processed: \u001b[35m_posts/hello-world.md\u001b[39m","time":"2016-06-27T12:35:29.854Z","v":0}
{"name":"hexo","hostname":"localhost","pid":21382,"level":20,"msg":"Processed: \u001b[35m_posts/sync_changes.log\u001b[39m","time":"2016-06-27T12:35:29.854Z","v":0}
{"name":"hexo","hostname":"localhost","pid":21382,"level":20,"msg":"Processed: \u001b[35m_posts/跳跃表Skip-List的原理和实现-Java.md\u001b[39m","time":"2016-06-27T12:35:29.854Z","v":0}
{"name":"hexo","hostname":"localhost","pid":21382,"level":20,"msg":"Processed: \u001b[35mimages/2016-06-27 20-34-54.jpg\u001b[39m","time":"2016-06-27T12:35:29.854Z","v":0}
{"name":"hexo","hostname":"localhost","pid":21382,"level":20,"msg":"Theme config loaded.","time":"2016-06-27T12:35:29.921Z","v":0}
{"name":"hexo","hostname":"localhost","pid":21382,"level":20,"msg":"Processed: \u001b[35m_posts/images/2016-06-26 17-58-08.jpg\u001b[39m","time":"2016-06-27T12:35:29.922Z","v":0}
{"name":"hexo","hostname":"localhost","pid":21382,"level":20,"msg":"Processed: \u001b[35m_posts/images/2016-06-26 18-59-50.jpg\u001b[39m","time":"2016-06-27T12:35:29.923Z","v":0}
{"name":"hexo","hostname":"localhost","pid":21382,"level":20,"msg":"Processed: \u001b[35m_config.yml\u001b[39m","time":"2016-06-27T12:35:29.924Z","v":0}
{"name":"hexo","hostname":"localhost","pid":21382,"level":20,"msg":"Processed: \u001b[35msource/css/main.styl\u001b[39m","time":"2016-06-27T12:35:29.924Z","v":0}
{"name":"hexo","hostname":"localhost","pid":21382,"level":20,"msg":"Processed: \u001b[35msource/images/avatar.gif\u001b[39m","time":"2016-06-27T12:35:29.926Z","v":0}
{"name":"hexo","hostname":"localhost","pid":21382,"level":20,"msg":"Processed: \u001b[35msource/images/cc-by-nc-nd.svg\u001b[39m","time":"2016-06-27T12:35:29.926Z","v":0}
{"name":"hexo","hostname":"localhost","pid":21382,"level":20,"msg":"Processed: \u001b[35msource/images/cc-by-nc-sa.svg\u001b[39m","time":"2016-06-27T12:35:29.928Z","v":0}
{"name":"hexo","hostname":"localhost","pid":21382,"level":20,"msg":"Processed: \u001b[35msource/images/cc-by-nc.svg\u001b[39m","time":"2016-06-27T12:35:29.929Z","v":0}
{"name":"hexo","hostname":"localhost","pid":21382,"level":20,"msg":"Processed: \u001b[35msource/images/cc-by-nd.svg\u001b[39m","time":"2016-06-27T12:35:29.930Z","v":0}
{"name":"hexo","hostname":"localhost","pid":21382,"level":20,"msg":"Processed: \u001b[35msource/images/cc-by-sa.svg\u001b[39m","time":"2016-06-27T12:35:29.931Z","v":0}
{"name":"hexo","hostname":"localhost","pid":21382,"level":20,"msg":"Processed: \u001b[35msource/images/cc-by.svg\u001b[39m","time":"2016-06-27T12:35:29.932Z","v":0}
{"name":"hexo","hostname":"localhost","pid":21382,"level":20,"msg":"Processed: \u001b[35msource/images/cc-zero.svg\u001b[39m","time":"2016-06-27T12:35:29.933Z","v":0}
{"name":"hexo","hostname":"localhost","pid":21382,"level":20,"msg":"Processed: \u001b[35msource/images/loading.gif\u001b[39m","time":"2016-06-27T12:35:29.933Z","v":0}
{"name":"hexo","hostname":"localhost","pid":21382,"level":20,"msg":"Processed: \u001b[35msource/images/placeholder.gif\u001b[39m","time":"2016-06-27T12:35:29.933Z","v":0}
{"name":"hexo","hostname":"localhost","pid":21382,"level":20,"msg":"Processed: \u001b[35msource/images/quote-l.svg\u001b[39m","time":"2016-06-27T12:35:29.934Z","v":0}
{"name":"hexo","hostname":"localhost","pid":21382,"level":20,"msg":"Processed: \u001b[35msource/images/quote-r.svg\u001b[39m","time":"2016-06-27T12:35:29.934Z","v":0}
{"name":"hexo","hostname":"localhost","pid":21382,"level":20,"msg":"Processed: \u001b[35msource/images/searchicon.png\u001b[39m","time":"2016-06-27T12:35:29.934Z","v":0}
{"name":"hexo","hostname":"localhost","pid":21382,"level":20,"msg":"Processed: \u001b[35m_posts/images/2016-06-26 19-25-47.jpg\u001b[39m","time":"2016-06-27T12:35:29.973Z","v":0}
{"name":"hexo","hostname":"localhost","pid":21382,"level":20,"msg":"Processed: \u001b[35m_posts/images/2016-06-26 22-06-28.jpg\u001b[39m","time":"2016-06-27T12:35:29.974Z","v":0}
{"name":"hexo","hostname":"localhost","pid":21382,"level":20,"msg":"Processed: \u001b[35m_posts/images/2016-06-26 22-31-43.jpg\u001b[39m","time":"2016-06-27T12:35:29.974Z","v":0}
{"name":"hexo","hostname":"localhost","pid":21382,"level":20,"msg":"Processed: \u001b[35m_posts/images/2016-06-26 22-30-46.jpg\u001b[39m","time":"2016-06-27T12:35:29.974Z","v":0}
{"name":"hexo","hostname":"localhost","pid":21382,"level":20,"msg":"Processed: \u001b[35m_posts/images/2016-06-26 22-32-41.jpg\u001b[39m","time":"2016-06-27T12:35:29.974Z","v":0}
{"name":"hexo","hostname":"localhost","pid":21382,"level":20,"msg":"Processed: \u001b[35m_posts/images/2016-06-26 22-41-19.jpg\u001b[39m","time":"2016-06-27T12:35:29.974Z","v":0}
{"name":"hexo","hostname":"localhost","pid":21382,"level":20,"msg":"Processed: \u001b[35m_posts/images/2016-06-26 22-41-45.jpg\u001b[39m","time":"2016-06-27T12:35:29.975Z","v":0}
{"name":"hexo","hostname":"localhost","pid":21382,"level":20,"msg":"Processed: \u001b[35m_posts/images/2016-06-26 22-42-08.jpg\u001b[39m","time":"2016-06-27T12:35:29.975Z","v":0}
{"name":"hexo","hostname":"localhost","pid":21382,"level":20,"msg":"Processed: \u001b[35mlayout/_layout.swig\u001b[39m","time":"2016-06-27T12:35:30.144Z","v":0}
{"name":"hexo","hostname":"localhost","pid":21382,"level":20,"msg":"Processed: \u001b[35mlayout/archive.swig\u001b[39m","time":"2016-06-27T12:35:30.145Z","v":0}
{"name":"hexo","hostname":"localhost","pid":21382,"level":20,"msg":"Processed: \u001b[35mlayout/category.swig\u001b[39m","time":"2016-06-27T12:35:30.145Z","v":0}
{"name":"hexo","hostname":"localhost","pid":21382,"level":20,"msg":"Processed: \u001b[35mlayout/page.swig\u001b[39m","time":"2016-06-27T12:35:30.145Z","v":0}
{"name":"hexo","hostname":"localhost","pid":21382,"level":20,"msg":"Processed: \u001b[35mlayout/index.swig\u001b[39m","time":"2016-06-27T12:35:30.145Z","v":0}
{"name":"hexo","hostname":"localhost","pid":21382,"level":20,"msg":"Processed: \u001b[35mlayout/post.swig\u001b[39m","time":"2016-06-27T12:35:30.145Z","v":0}
{"name":"hexo","hostname":"localhost","pid":21382,"level":20,"msg":"Processed: \u001b[35mlayout/tag.swig\u001b[39m","time":"2016-06-27T12:35:30.145Z","v":0}
{"name":"hexo","hostname":"localhost","pid":21382,"level":20,"msg":"Processed: \u001b[35m_posts/images/2016-06-26 17-55-04.jpg\u001b[39m","time":"2016-06-27T12:35:30.155Z","v":0}
{"name":"hexo","hostname":"localhost","pid":21382,"level":20,"msg":"Processed: \u001b[35m_posts/images/2016-06-26 22-45-13.jpg\u001b[39m","time":"2016-06-27T12:35:30.155Z","v":0}
{"name":"hexo","hostname":"localhost","pid":21382,"level":20,"msg":"Processed: \u001b[35mlanguages/de.yml\u001b[39m","time":"2016-06-27T12:35:30.156Z","v":0}
{"name":"hexo","hostname":"localhost","pid":21382,"level":20,"msg":"Processed: \u001b[35mlanguages/en.yml\u001b[39m","time":"2016-06-27T12:35:30.157Z","v":0}
{"name":"hexo","hostname":"localhost","pid":21382,"level":20,"msg":"Processed: \u001b[35mlanguages/default.yml\u001b[39m","time":"2016-06-27T12:35:30.157Z","v":0}
{"name":"hexo","hostname":"localhost","pid":21382,"level":20,"msg":"Processed: \u001b[35mlanguages/fr-FR.yml\u001b[39m","time":"2016-06-27T12:35:30.157Z","v":0}
{"name":"hexo","hostname":"localhost","pid":21382,"level":20,"msg":"Processed: \u001b[35mlanguages/id.yml\u001b[39m","time":"2016-06-27T12:35:30.157Z","v":0}
{"name":"hexo","hostname":"localhost","pid":21382,"level":20,"msg":"Processed: \u001b[35mlanguages/ja.yml\u001b[39m","time":"2016-06-27T12:35:30.157Z","v":0}
{"name":"hexo","hostname":"localhost","pid":21382,"level":20,"msg":"Processed: \u001b[35mlanguages/pt-BR.yml\u001b[39m","time":"2016-06-27T12:35:30.158Z","v":0}
{"name":"hexo","hostname":"localhost","pid":21382,"level":20,"msg":"Processed: \u001b[35mlanguages/pt.yml\u001b[39m","time":"2016-06-27T12:35:30.158Z","v":0}
{"name":"hexo","hostname":"localhost","pid":21382,"level":20,"msg":"Processed: \u001b[35mlanguages/ru.yml\u001b[39m","time":"2016-06-27T12:35:30.158Z","v":0}
{"name":"hexo","hostname":"localhost","pid":21382,"level":20,"msg":"Processed: \u001b[35mlanguages/zh-Hans.yml\u001b[39m","time":"2016-06-27T12:35:30.158Z","v":0}
{"name":"hexo","hostname":"localhost","pid":21382,"level":20,"msg":"Processed: \u001b[35mlanguages/zh-hk.yml\u001b[39m","time":"2016-06-27T12:35:30.158Z","v":0}
{"name":"hexo","hostname":"localhost","pid":21382,"level":20,"msg":"Processed: \u001b[35mlanguages/zh-tw.yml\u001b[39m","time":"2016-06-27T12:35:30.159Z","v":0}
{"name":"hexo","hostname":"localhost","pid":21382,"level":20,"msg":"Processed: \u001b[35msource/js/src/bootstrap.js\u001b[39m","time":"2016-06-27T12:35:30.160Z","v":0}
{"name":"hexo","hostname":"localhost","pid":21382,"level":20,"msg":"Processed: \u001b[35msource/js/src/affix.js\u001b[39m","time":"2016-06-27T12:35:30.160Z","v":0}
{"name":"hexo","hostname":"localhost","pid":21382,"level":20,"msg":"Processed: \u001b[35msource/js/src/hook-duoshuo.js\u001b[39m","time":"2016-06-27T12:35:30.160Z","v":0}
{"name":"hexo","hostname":"localhost","pid":21382,"level":20,"msg":"Processed: \u001b[35msource/js/src/motion.js\u001b[39m","time":"2016-06-27T12:35:30.161Z","v":0}
{"name":"hexo","hostname":"localhost","pid":21382,"level":20,"msg":"Processed: \u001b[35msource/js/src/post-details.js\u001b[39m","time":"2016-06-27T12:35:30.161Z","v":0}
{"name":"hexo","hostname":"localhost","pid":21382,"level":20,"msg":"Processed: \u001b[35msource/js/src/scrollspy.js\u001b[39m","time":"2016-06-27T12:35:30.161Z","v":0}
{"name":"hexo","hostname":"localhost","pid":21382,"level":20,"msg":"Processed: \u001b[35msource/js/src/utils.js\u001b[39m","time":"2016-06-27T12:35:30.161Z","v":0}
{"name":"hexo","hostname":"localhost","pid":21382,"level":20,"msg":"Processed: \u001b[35m_posts/images/2016-06-26 13-23-45.png\u001b[39m","time":"2016-06-27T12:35:30.164Z","v":0}
{"name":"hexo","hostname":"localhost","pid":21382,"level":20,"msg":"Processed: \u001b[35msource/vendors/fastclick/LICENSE\u001b[39m","time":"2016-06-27T12:35:30.204Z","v":0}
{"name":"hexo","hostname":"localhost","pid":21382,"level":20,"msg":"Processed: \u001b[35msource/vendors/fastclick/README.md\u001b[39m","time":"2016-06-27T12:35:30.205Z","v":0}
{"name":"hexo","hostname":"localhost","pid":21382,"level":20,"msg":"Processed: \u001b[35msource/vendors/fastclick/bower.json\u001b[39m","time":"2016-06-27T12:35:30.206Z","v":0}
{"name":"hexo","hostname":"localhost","pid":21382,"level":20,"msg":"Processed: \u001b[35msource/vendors/font-awesome/HELP-US-OUT.txt\u001b[39m","time":"2016-06-27T12:35:30.207Z","v":0}
{"name":"hexo","hostname":"localhost","pid":21382,"level":20,"msg":"Processed: \u001b[35msource/vendors/font-awesome/bower.json\u001b[39m","time":"2016-06-27T12:35:30.207Z","v":0}
{"name":"hexo","hostname":"localhost","pid":21382,"level":20,"msg":"Processed: \u001b[35msource/vendors/jquery_lazyload/CONTRIBUTING.md\u001b[39m","time":"2016-06-27T12:35:30.208Z","v":0}
{"name":"hexo","hostname":"localhost","pid":21382,"level":20,"msg":"Processed: \u001b[35msource/vendors/jquery_lazyload/README.md\u001b[39m","time":"2016-06-27T12:35:30.208Z","v":0}
{"name":"hexo","hostname":"localhost","pid":21382,"level":20,"msg":"Processed: \u001b[35msource/vendors/jquery_lazyload/bower.json\u001b[39m","time":"2016-06-27T12:35:30.208Z","v":0}
{"name":"hexo","hostname":"localhost","pid":21382,"level":20,"msg":"Processed: \u001b[35msource/vendors/jquery_lazyload/jquery.lazyload.js\u001b[39m","time":"2016-06-27T12:35:30.209Z","v":0}
{"name":"hexo","hostname":"localhost","pid":21382,"level":20,"msg":"Processed: \u001b[35msource/vendors/jquery_lazyload/jquery.scrollstop.js\u001b[39m","time":"2016-06-27T12:35:30.210Z","v":0}
{"name":"hexo","hostname":"localhost","pid":21382,"level":20,"msg":"Processed: \u001b[35msource/vendors/velocity/bower.json\u001b[39m","time":"2016-06-27T12:35:30.210Z","v":0}
{"name":"hexo","hostname":"localhost","pid":21382,"level":20,"msg":"Processed: \u001b[35msource/vendors/velocity/velocity.min.js\u001b[39m","time":"2016-06-27T12:35:30.210Z","v":0}
{"name":"hexo","hostname":"localhost","pid":21382,"level":20,"msg":"Processed: \u001b[35msource/vendors/velocity/velocity.ui.min.js\u001b[39m","time":"2016-06-27T12:35:30.211Z","v":0}
{"name":"hexo","hostname":"localhost","pid":21382,"level":20,"msg":"Processed: \u001b[35msource/vendors/velocity/velocity.ui.js\u001b[39m","time":"2016-06-27T12:35:30.211Z","v":0}
{"name":"hexo","hostname":"localhost","pid":21382,"level":20,"msg":"Processed: \u001b[35mlayout/_macro/post-collapse.swig\u001b[39m","time":"2016-06-27T12:35:30.272Z","v":0}
{"name":"hexo","hostname":"localhost","pid":21382,"level":20,"msg":"Processed: \u001b[35mlayout/_macro/reward.swig\u001b[39m","time":"2016-06-27T12:35:30.272Z","v":0}
{"name":"hexo","hostname":"localhost","pid":21382,"level":20,"msg":"Processed: \u001b[35mlayout/_macro/post.swig\u001b[39m","time":"2016-06-27T12:35:30.273Z","v":0}
{"name":"hexo","hostname":"localhost","pid":21382,"level":20,"msg":"Processed: \u001b[35mlayout/_macro/sidebar.swig\u001b[39m","time":"2016-06-27T12:35:30.273Z","v":0}
{"name":"hexo","hostname":"localhost","pid":21382,"level":20,"msg":"Processed: \u001b[35mlayout/_macro/wechat-subscriber.swig\u001b[39m","time":"2016-06-27T12:35:30.273Z","v":0}
{"name":"hexo","hostname":"localhost","pid":21382,"level":20,"msg":"Processed: \u001b[35mlayout/_partials/comments.swig\u001b[39m","time":"2016-06-27T12:35:30.273Z","v":0}
{"name":"hexo","hostname":"localhost","pid":21382,"level":20,"msg":"Processed: \u001b[35mlayout/_partials/duoshuo-hot-articles.swig\u001b[39m","time":"2016-06-27T12:35:30.273Z","v":0}
{"name":"hexo","hostname":"localhost","pid":21382,"level":20,"msg":"Processed: \u001b[35mlayout/_partials/footer.swig\u001b[39m","time":"2016-06-27T12:35:30.273Z","v":0}
{"name":"hexo","hostname":"localhost","pid":21382,"level":20,"msg":"Processed: \u001b[35mlayout/_partials/head.swig\u001b[39m","time":"2016-06-27T12:35:30.273Z","v":0}
{"name":"hexo","hostname":"localhost","pid":21382,"level":20,"msg":"Processed: \u001b[35mlayout/_partials/header.swig\u001b[39m","time":"2016-06-27T12:35:30.273Z","v":0}
{"name":"hexo","hostname":"localhost","pid":21382,"level":20,"msg":"Processed: \u001b[35mlayout/_partials/pagination.swig\u001b[39m","time":"2016-06-27T12:35:30.274Z","v":0}
{"name":"hexo","hostname":"localhost","pid":21382,"level":20,"msg":"Processed: \u001b[35mlayout/_scripts/baidu-push.swig\u001b[39m","time":"2016-06-27T12:35:30.274Z","v":0}
{"name":"hexo","hostname":"localhost","pid":21382,"level":20,"msg":"Processed: \u001b[35mlayout/_partials/search.swig\u001b[39m","time":"2016-06-27T12:35:30.274Z","v":0}
{"name":"hexo","hostname":"localhost","pid":21382,"level":20,"msg":"Processed: \u001b[35mlayout/_scripts/boostrap.swig\u001b[39m","time":"2016-06-27T12:35:30.274Z","v":0}
{"name":"hexo","hostname":"localhost","pid":21382,"level":20,"msg":"Processed: \u001b[35mlayout/_scripts/commons.swig\u001b[39m","time":"2016-06-27T12:35:30.274Z","v":0}
{"name":"hexo","hostname":"localhost","pid":21382,"level":20,"msg":"Processed: \u001b[35mlayout/_scripts/vendors.swig\u001b[39m","time":"2016-06-27T12:35:30.274Z","v":0}
{"name":"hexo","hostname":"localhost","pid":21382,"level":20,"msg":"Processed: \u001b[35msource/vendors/jquery/index.js\u001b[39m","time":"2016-06-27T12:35:30.276Z","v":0}
{"name":"hexo","hostname":"localhost","pid":21382,"level":20,"msg":"Processed: \u001b[35msource/js/src/schemes/pisces.js\u001b[39m","time":"2016-06-27T12:35:30.277Z","v":0}
{"name":"hexo","hostname":"localhost","pid":21382,"level":20,"msg":"Processed: \u001b[35mlayout/_scripts/schemes/muse.swig\u001b[39m","time":"2016-06-27T12:35:30.281Z","v":0}
{"name":"hexo","hostname":"localhost","pid":21382,"level":20,"msg":"Processed: \u001b[35mlayout/_scripts/schemes/mist.swig\u001b[39m","time":"2016-06-27T12:35:30.282Z","v":0}
{"name":"hexo","hostname":"localhost","pid":21382,"level":20,"msg":"Processed: \u001b[35msource/vendors/fancybox/source/blank.gif\u001b[39m","time":"2016-06-27T12:35:30.284Z","v":0}
{"name":"hexo","hostname":"localhost","pid":21382,"level":20,"msg":"Processed: \u001b[35msource/vendors/fancybox/source/fancybox_loading.gif\u001b[39m","time":"2016-06-27T12:35:30.285Z","v":0}
{"name":"hexo","hostname":"localhost","pid":21382,"level":20,"msg":"Processed: \u001b[35msource/vendors/fancybox/source/fancybox_overlay.png\u001b[39m","time":"2016-06-27T12:35:30.285Z","v":0}
{"name":"hexo","hostname":"localhost","pid":21382,"level":20,"msg":"Processed: \u001b[35msource/vendors/fancybox/source/fancybox_loading@2x.gif\u001b[39m","time":"2016-06-27T12:35:30.285Z","v":0}
{"name":"hexo","hostname":"localhost","pid":21382,"level":20,"msg":"Processed: \u001b[35msource/vendors/fancybox/source/fancybox_sprite.png\u001b[39m","time":"2016-06-27T12:35:30.286Z","v":0}
{"name":"hexo","hostname":"localhost","pid":21382,"level":20,"msg":"Processed: \u001b[35msource/vendors/fancybox/source/fancybox_sprite@2x.png\u001b[39m","time":"2016-06-27T12:35:30.286Z","v":0}
{"name":"hexo","hostname":"localhost","pid":21382,"level":20,"msg":"Processed: \u001b[35msource/vendors/fancybox/source/jquery.fancybox.css\u001b[39m","time":"2016-06-27T12:35:30.286Z","v":0}
{"name":"hexo","hostname":"localhost","pid":21382,"level":20,"msg":"Processed: \u001b[35msource/vendors/fancybox/source/jquery.fancybox.pack.js\u001b[39m","time":"2016-06-27T12:35:30.287Z","v":0}
{"name":"hexo","hostname":"localhost","pid":21382,"level":20,"msg":"Processed: \u001b[35msource/vendors/fancybox/source/jquery.fancybox.js\u001b[39m","time":"2016-06-27T12:35:30.287Z","v":0}
{"name":"hexo","hostname":"localhost","pid":21382,"level":20,"msg":"Processed: \u001b[35msource/vendors/fastclick/lib/fastclick.js\u001b[39m","time":"2016-06-27T12:35:30.287Z","v":0}
{"name":"hexo","hostname":"localhost","pid":21382,"level":20,"msg":"Processed: \u001b[35msource/vendors/fastclick/lib/fastclick.min.js\u001b[39m","time":"2016-06-27T12:35:30.287Z","v":0}
{"name":"hexo","hostname":"localhost","pid":21382,"level":20,"msg":"Processed: \u001b[35msource/vendors/font-awesome/css/font-awesome.css.map\u001b[39m","time":"2016-06-27T12:35:30.288Z","v":0}
{"name":"hexo","hostname":"localhost","pid":21382,"level":20,"msg":"Processed: \u001b[35msource/vendors/font-awesome/css/font-awesome.min.css\u001b[39m","time":"2016-06-27T12:35:30.288Z","v":0}
{"name":"hexo","hostname":"localhost","pid":21382,"level":20,"msg":"Processed: \u001b[35msource/vendors/font-awesome/fonts/fontawesome-webfont.woff2\u001b[39m","time":"2016-06-27T12:35:30.288Z","v":0}
{"name":"hexo","hostname":"localhost","pid":21382,"level":20,"msg":"Processed: \u001b[35msource/vendors/font-awesome/css/font-awesome.css\u001b[39m","time":"2016-06-27T12:35:30.289Z","v":0}
{"name":"hexo","hostname":"localhost","pid":21382,"level":20,"msg":"Processed: \u001b[35msource/vendors/ua-parser-js/dist/ua-parser.min.js\u001b[39m","time":"2016-06-27T12:35:30.289Z","v":0}
{"name":"hexo","hostname":"localhost","pid":21382,"level":20,"msg":"Processed: \u001b[35msource/vendors/ua-parser-js/dist/ua-parser.pack.js\u001b[39m","time":"2016-06-27T12:35:30.289Z","v":0}
{"name":"hexo","hostname":"localhost","pid":21382,"level":20,"msg":"Processed: \u001b[35mlayout/_partials/head/external-fonts.swig\u001b[39m","time":"2016-06-27T12:35:30.306Z","v":0}
{"name":"hexo","hostname":"localhost","pid":21382,"level":20,"msg":"Processed: \u001b[35mlayout/_partials/search/localsearch.swig\u001b[39m","time":"2016-06-27T12:35:30.306Z","v":0}
{"name":"hexo","hostname":"localhost","pid":21382,"level":20,"msg":"Processed: \u001b[35mlayout/_partials/search/swiftype.swig\u001b[39m","time":"2016-06-27T12:35:30.306Z","v":0}
{"name":"hexo","hostname":"localhost","pid":21382,"level":20,"msg":"Processed: \u001b[35mlayout/_partials/search/tinysou.swig\u001b[39m","time":"2016-06-27T12:35:30.306Z","v":0}
{"name":"hexo","hostname":"localhost","pid":21382,"level":20,"msg":"Processed: \u001b[35mlayout/_partials/share/add-this.swig\u001b[39m","time":"2016-06-27T12:35:30.306Z","v":0}
{"name":"hexo","hostname":"localhost","pid":21382,"level":20,"msg":"Processed: \u001b[35mlayout/_partials/share/duoshuo_share.swig\u001b[39m","time":"2016-06-27T12:35:30.306Z","v":0}
{"name":"hexo","hostname":"localhost","pid":21382,"level":20,"msg":"Processed: \u001b[35mlayout/_partials/share/baidushare.swig\u001b[39m","time":"2016-06-27T12:35:30.307Z","v":0}
{"name":"hexo","hostname":"localhost","pid":21382,"level":20,"msg":"Processed: \u001b[35mlayout/_partials/share/jiathis.swig\u001b[39m","time":"2016-06-27T12:35:30.307Z","v":0}
{"name":"hexo","hostname":"localhost","pid":21382,"level":20,"msg":"Processed: \u001b[35mlayout/_scripts/pages/post-details.swig\u001b[39m","time":"2016-06-27T12:35:30.307Z","v":0}
{"name":"hexo","hostname":"localhost","pid":21382,"level":20,"msg":"Processed: \u001b[35mlayout/_scripts/schemes/pisces.swig\u001b[39m","time":"2016-06-27T12:35:30.307Z","v":0}
{"name":"hexo","hostname":"localhost","pid":21382,"level":20,"msg":"Processed: \u001b[35mlayout/_scripts/third-party/analytics.swig\u001b[39m","time":"2016-06-27T12:35:30.307Z","v":0}
{"name":"hexo","hostname":"localhost","pid":21382,"level":20,"msg":"Processed: \u001b[35mlayout/_scripts/third-party/comments.swig\u001b[39m","time":"2016-06-27T12:35:30.307Z","v":0}
{"name":"hexo","hostname":"localhost","pid":21382,"level":20,"msg":"Processed: \u001b[35mlayout/_scripts/third-party/lean-analytics.swig\u001b[39m","time":"2016-06-27T12:35:30.307Z","v":0}
{"name":"hexo","hostname":"localhost","pid":21382,"level":20,"msg":"Processed: \u001b[35mlayout/_scripts/third-party/localsearch.swig\u001b[39m","time":"2016-06-27T12:35:30.308Z","v":0}
{"name":"hexo","hostname":"localhost","pid":21382,"level":20,"msg":"Processed: \u001b[35mlayout/_scripts/third-party/mathjax.swig\u001b[39m","time":"2016-06-27T12:35:30.308Z","v":0}
{"name":"hexo","hostname":"localhost","pid":21382,"level":20,"msg":"Processed: \u001b[35mlayout/_scripts/third-party/tinysou.swig\u001b[39m","time":"2016-06-27T12:35:30.308Z","v":0}
{"name":"hexo","hostname":"localhost","pid":21382,"level":20,"msg":"Processed: \u001b[35msource/vendors/font-awesome/fonts/FontAwesome.otf\u001b[39m","time":"2016-06-27T12:35:30.312Z","v":0}
{"name":"hexo","hostname":"localhost","pid":21382,"level":20,"msg":"Processed: \u001b[35msource/vendors/font-awesome/fonts/fontawesome-webfont.eot\u001b[39m","time":"2016-06-27T12:35:30.313Z","v":0}
{"name":"hexo","hostname":"localhost","pid":21382,"level":20,"msg":"Processed: \u001b[35msource/vendors/font-awesome/fonts/fontawesome-webfont.woff\u001b[39m","time":"2016-06-27T12:35:30.313Z","v":0}
{"name":"hexo","hostname":"localhost","pid":21382,"level":20,"msg":"Processed: \u001b[35msource/vendors/velocity/velocity.js\u001b[39m","time":"2016-06-27T12:35:30.314Z","v":0}
{"name":"hexo","hostname":"localhost","pid":21382,"level":20,"msg":"Processed: \u001b[35msource/vendors/fancybox/source/helpers/fancybox_buttons.png\u001b[39m","time":"2016-06-27T12:35:30.320Z","v":0}
{"name":"hexo","hostname":"localhost","pid":21382,"level":20,"msg":"Processed: \u001b[35msource/vendors/fancybox/source/helpers/jquery.fancybox-buttons.css\u001b[39m","time":"2016-06-27T12:35:30.321Z","v":0}
{"name":"hexo","hostname":"localhost","pid":21382,"level":20,"msg":"Processed: \u001b[35msource/vendors/fancybox/source/helpers/jquery.fancybox-buttons.js\u001b[39m","time":"2016-06-27T12:35:30.321Z","v":0}
{"name":"hexo","hostname":"localhost","pid":21382,"level":20,"msg":"Processed: \u001b[35msource/vendors/fancybox/source/helpers/jquery.fancybox-media.js\u001b[39m","time":"2016-06-27T12:35:30.322Z","v":0}
{"name":"hexo","hostname":"localhost","pid":21382,"level":20,"msg":"Processed: \u001b[35msource/vendors/fancybox/source/helpers/jquery.fancybox-thumbs.css\u001b[39m","time":"2016-06-27T12:35:30.323Z","v":0}
{"name":"hexo","hostname":"localhost","pid":21382,"level":20,"msg":"Processed: \u001b[35msource/vendors/fancybox/source/helpers/jquery.fancybox-thumbs.js\u001b[39m","time":"2016-06-27T12:35:30.323Z","v":0}
{"name":"hexo","hostname":"localhost","pid":21382,"level":20,"msg":"Processed: \u001b[35msource/vendors/font-awesome/fonts/fontawesome-webfont.ttf\u001b[39m","time":"2016-06-27T12:35:30.323Z","v":0}
{"name":"hexo","hostname":"localhost","pid":21382,"level":20,"msg":"Processed: \u001b[35mlayout/_scripts/third-party/analytics/cnzz-analytics.swig\u001b[39m","time":"2016-06-27T12:35:30.333Z","v":0}
{"name":"hexo","hostname":"localhost","pid":21382,"level":20,"msg":"Processed: \u001b[35mlayout/_scripts/third-party/analytics/busuanzi-counter.swig\u001b[39m","time":"2016-06-27T12:35:30.333Z","v":0}
{"name":"hexo","hostname":"localhost","pid":21382,"level":20,"msg":"Processed: \u001b[35mlayout/_scripts/third-party/analytics/baidu-analytics.swig\u001b[39m","time":"2016-06-27T12:35:30.334Z","v":0}
{"name":"hexo","hostname":"localhost","pid":21382,"level":20,"msg":"Processed: \u001b[35mlayout/_scripts/third-party/analytics/facebook-sdk.swig\u001b[39m","time":"2016-06-27T12:35:30.334Z","v":0}
{"name":"hexo","hostname":"localhost","pid":21382,"level":20,"msg":"Processed: \u001b[35mlayout/_scripts/third-party/analytics/google-analytics.swig\u001b[39m","time":"2016-06-27T12:35:30.334Z","v":0}
{"name":"hexo","hostname":"localhost","pid":21382,"level":20,"msg":"Processed: \u001b[35mlayout/_scripts/third-party/comments/disqus.swig\u001b[39m","time":"2016-06-27T12:35:30.334Z","v":0}
{"name":"hexo","hostname":"localhost","pid":21382,"level":20,"msg":"Processed: \u001b[35mlayout/_scripts/third-party/analytics/tencent-analytics.swig\u001b[39m","time":"2016-06-27T12:35:30.334Z","v":0}
{"name":"hexo","hostname":"localhost","pid":21382,"level":20,"msg":"Processed: \u001b[35mlayout/_scripts/third-party/comments/duoshuo.swig\u001b[39m","time":"2016-06-27T12:35:30.334Z","v":0}
{"name":"hexo","hostname":"localhost","pid":21382,"level":20,"msg":"Processed: \u001b[35msource/vendors/font-awesome/fonts/fontawesome-webfont.svg\u001b[39m","time":"2016-06-27T12:35:30.336Z","v":0}
{"name":"hexo","hostname":"localhost","pid":21382,"level":20,"msg":"Generator: \u001b[35mpage\u001b[39m","time":"2016-06-27T12:35:30.493Z","v":0}
{"name":"hexo","hostname":"localhost","pid":21382,"level":20,"msg":"Generator: \u001b[35mpost\u001b[39m","time":"2016-06-27T12:35:30.494Z","v":0}
{"name":"hexo","hostname":"localhost","pid":21382,"level":20,"msg":"Generator: \u001b[35marchive\u001b[39m","time":"2016-06-27T12:35:30.494Z","v":0}
{"name":"hexo","hostname":"localhost","pid":21382,"level":20,"msg":"Generator: \u001b[35mcategory\u001b[39m","time":"2016-06-27T12:35:30.494Z","v":0}
{"name":"hexo","hostname":"localhost","pid":21382,"level":20,"msg":"Generator: \u001b[35mindex\u001b[39m","time":"2016-06-27T12:35:30.494Z","v":0}
{"name":"hexo","hostname":"localhost","pid":21382,"level":20,"msg":"Generator: \u001b[35mtag\u001b[39m","time":"2016-06-27T12:35:30.494Z","v":0}
{"name":"hexo","hostname":"localhost","pid":21382,"level":20,"msg":"Generator: \u001b[35masset\u001b[39m","time":"2016-06-27T12:35:30.495Z","v":0}
{"name":"hexo","hostname":"localhost","pid":21382,"level":30,"msg":"Hexo is running at \u001b[4mhttp://0.0.0.0:4000/\u001b[24m. Press Ctrl+C to stop.","time":"2016-06-27T12:35:30.504Z","v":0}
{"name":"hexo","hostname":"localhost","pid":21382,"level":20,"msg":"Database saved","time":"2016-06-27T12:35:30.519Z","v":0}
{"name":"hexo","hostname":"localhost","pid":21382,"level":20,"msg":"Rendering index: \u001b[35mindex.html\u001b[39m","time":"2016-06-27T12:35:41.127Z","v":0}
{"name":"hexo","hostname":"localhost","pid":21382,"level":20,"msg":"Generator: \u001b[35mpage\u001b[39m","time":"2016-06-27T12:36:36.490Z","v":0}
{"name":"hexo","hostname":"localhost","pid":21382,"level":20,"msg":"Generator: \u001b[35mpost\u001b[39m","time":"2016-06-27T12:36:36.491Z","v":0}
{"name":"hexo","hostname":"localhost","pid":21382,"level":20,"msg":"Generator: \u001b[35marchive\u001b[39m","time":"2016-06-27T12:36:36.491Z","v":0}
{"name":"hexo","hostname":"localhost","pid":21382,"level":20,"msg":"Generator: \u001b[35mcategory\u001b[39m","time":"2016-06-27T12:36:36.491Z","v":0}
{"name":"hexo","hostname":"localhost","pid":21382,"level":20,"msg":"Generator: \u001b[35mindex\u001b[39m","time":"2016-06-27T12:36:36.491Z","v":0}
{"name":"hexo","hostname":"localhost","pid":21382,"level":20,"msg":"Generator: \u001b[35mtag\u001b[39m","time":"2016-06-27T12:36:36.492Z","v":0}
{"name":"hexo","hostname":"localhost","pid":21382,"level":20,"msg":"Generator: \u001b[35masset\u001b[39m","time":"2016-06-27T12:36:36.493Z","v":0}
{"name":"hexo","hostname":"localhost","pid":21382,"level":30,"msg":"Good bye","time":"2016-06-27T12:36:40.122Z","v":0}
{"name":"hexo","hostname":"localhost","pid":21382,"level":20,"msg":"Database saved","time":"2016-06-27T12:36:40.149Z","v":0}
